src/flext_target_oracle/typings.py:24:1: error: Name "FlextTypes" already
defined (possibly by an import)  [no-redef]
    class FlextTypes(CoreFlextTypes):
    ^
src/flext_target_oracle/target_exceptions.py:29:34: error: Variable
"flext_target_oracle.target_exceptions._FlextTargetOracleBaseError" is not valid
as a type  [valid-type]
    class FlextTargetOracleBaseError(_FlextTargetOracleBaseError):
                                     ^
src/flext_target_oracle/target_exceptions.py:29:34: note: See https://mypy.readthedocs.io/en/stable/common_issues.html#variables-vs-type-aliases
src/flext_target_oracle/target_exceptions.py: note: In class "FlextTargetOracleBaseError":
src/flext_target_oracle/target_exceptions.py:29:34: error: Invalid base class
"_FlextTargetOracleBaseError"  [misc]
    class FlextTargetOracleBaseError(_FlextTargetOracleBaseError):
                                     ^~~~~~~~~~~~~~~~~~~~~~~~~~~
src/flext_target_oracle/target_exceptions.py: note: In member "host" of class "FlextTargetOracleConnectionError":
src/flext_target_oracle/target_exceptions.py:85:13: error: Returning Any from
function declared to return "str | None"  [no-any-return]
                return self.context.get("host")
                ^~~~~~~~~~~~~~~~~~~~~~~~~~~~~~~
src/flext_target_oracle/target_exceptions.py: note: In member "port" of class "FlextTargetOracleConnectionError":
src/flext_target_oracle/target_exceptions.py:92:13: error: Returning Any from
function declared to return "int | None"  [no-any-return]
                return self.context.get("port")
                ^~~~~~~~~~~~~~~~~~~~~~~~~~~~~~~
src/flext_target_oracle/target_exceptions.py: note: In member "service_name" of class "FlextTargetOracleConnectionError":
src/flext_target_oracle/target_exceptions.py:99:13: error: Returning Any from
function declared to return "str | None"  [no-any-return]
                return self.context.get("service_name")
                ^~~~~~~~~~~~~~~~~~~~~~~~~~~~~~~~~~~~~~~
src/flext_target_oracle/target_exceptions.py: note: In member "user" of class "FlextTargetOracleConnectionError":
src/flext_target_oracle/target_exceptions.py:106:13: error: Returning Any from
function declared to return "str | None"  [no-any-return]
                return self.context.get("user")
                ^~~~~~~~~~~~~~~~~~~~~~~~~~~~~~~
src/flext_target_oracle/target_exceptions.py: note: In member "dsn" of class "FlextTargetOracleConnectionError":
src/flext_target_oracle/target_exceptions.py:113:13: error: Returning Any from
function declared to return "str | None"  [no-any-return]
                return self.context.get("dsn")
                ^~~~~~~~~~~~~~~~~~~~~~~~~~~~~~
src/flext_target_oracle/target_exceptions.py: note: In member "user" of class "FlextTargetOracleAuthenticationError":
src/flext_target_oracle/target_exceptions.py:158:13: error: Returning Any from
function declared to return "str | None"  [no-any-return]
                return self.context.get("user")
                ^~~~~~~~~~~~~~~~~~~~~~~~~~~~~~~
src/flext_target_oracle/target_exceptions.py: note: In member "auth_method" of class "FlextTargetOracleAuthenticationError":
src/flext_target_oracle/target_exceptions.py:165:13: error: Returning Any from
function declared to return "str | None"  [no-any-return]
                return self.context.get("auth_method")
                ^~~~~~~~~~~~~~~~~~~~~~~~~~~~~~~~~~~~~~
src/flext_target_oracle/target_exceptions.py: note: In member "wallet_location" of class "FlextTargetOracleAuthenticationError":
src/flext_target_oracle/target_exceptions.py:172:13: error: Returning Any from
function declared to return "str | None"  [no-any-return]
                return self.context.get("wallet_location")
                ^~~~~~~~~~~~~~~~~~~~~~~~~~~~~~~~~~~~~~~~~~
src/flext_target_oracle/target_exceptions.py: note: In member "stream_name" of class "FlextTargetOracleProcessingError":
src/flext_target_oracle/target_exceptions.py:216:13: error: Returning Any from
function declared to return "str | None"  [no-any-return]
                return self.context.get("stream_name")
                ^~~~~~~~~~~~~~~~~~~~~~~~~~~~~~~~~~~~~~
src/flext_target_oracle/target_exceptions.py: note: In member "record_count" of class "FlextTargetOracleProcessingError":
src/flext_target_oracle/target_exceptions.py:223:13: error: Returning Any from
function declared to return "int | None"  [no-any-return]
                return self.context.get("record_count")
                ^~~~~~~~~~~~~~~~~~~~~~~~~~~~~~~~~~~~~~~
src/flext_target_oracle/target_exceptions.py: note: In member "error_records" of class "FlextTargetOracleProcessingError":
src/flext_target_oracle/target_exceptions.py:230:13: error: Returning Any from
function declared to return "list[dict[str, object]] | None"  [no-any-return]
                return self.context.get("error_records")
                ^~~~~~~~~~~~~~~~~~~~~~~~~~~~~~~~~~~~~~~~
src/flext_target_oracle/target_exceptions.py: note: In member "operation" of class "FlextTargetOracleProcessingError":
src/flext_target_oracle/target_exceptions.py:237:13: error: Returning Any from
function declared to return "str | None"  [no-any-return]
                return self.context.get("operation")
                ^~~~~~~~~~~~~~~~~~~~~~~~~~~~~~~~~~~~
src/flext_target_oracle/target_exceptions.py: note: In member "stream_name" of class "FlextTargetOracleSchemaError":
src/flext_target_oracle/target_exceptions.py:302:13: error: Returning Any from
function declared to return "str | None"  [no-any-return]
                return self.context.get("stream_name")
                ^~~~~~~~~~~~~~~~~~~~~~~~~~~~~~~~~~~~~~
src/flext_target_oracle/target_exceptions.py: note: In member "table_name" of class "FlextTargetOracleSchemaError":
src/flext_target_oracle/target_exceptions.py:309:13: error: Returning Any from
function declared to return "str | None"  [no-any-return]
                return self.context.get("table_name")
                ^~~~~~~~~~~~~~~~~~~~~~~~~~~~~~~~~~~~~
src/flext_target_oracle/target_exceptions.py: note: In member "schema_hash" of class "FlextTargetOracleSchemaError":
src/flext_target_oracle/target_exceptions.py:316:13: error: Returning Any from
function declared to return "str | None"  [no-any-return]
                return self.context.get("schema_hash")
                ^~~~~~~~~~~~~~~~~~~~~~~~~~~~~~~~~~~~~~
src/flext_target_oracle/target_exceptions.py: note: In member "validation_errors" of class "FlextTargetOracleSchemaError":
src/flext_target_oracle/target_exceptions.py:323:13: error: Returning Any from
function declared to return "list[str] | None"  [no-any-return]
                return self.context.get("validation_errors")
                ^~~~~~~~~~~~~~~~~~~~~~~~~~~~~~~~~~~~~~~~~~~~
src/flext_target_oracle/target_config.py: note: In member "get_oracle_config" of class "FlextTargetOracleConfig":
src/flext_target_oracle/target_config.py:611:16: error: Incompatible return
value type (got "dict[str, object]", expected
"dict[str, str | int | SecretStr | bool | None]")  [return-value]
            return oracle_config
                   ^~~~~~~~~~~~~
src/flext_target_oracle/target_services.py:109:31: error: Missing type
parameters for generic type "FlextDomainService"  [type-arg]
    class OracleConnectionService(FlextDomainService):
                                  ^
src/flext_target_oracle/target_services.py: note: In member "__init__" of class "OracleConnectionService":
src/flext_target_oracle/target_services.py:132:28: error: Argument 1 to
"__init__" of "FlextDomainService" has incompatible type "**dict[str, object]";
expected "str"  [arg-type]
            super().__init__(**data)
                               ^~~~
src/flext_target_oracle/target_services.py:132:28: error: Argument 1 to
"__init__" of "FlextDomainService" has incompatible type "**dict[str, object]";
expected "bool"  [arg-type]
            super().__init__(**data)
                               ^~~~
src/flext_target_oracle/target_services.py:132:28: error: Argument 1 to
"__init__" of "FlextDomainService" has incompatible type "**dict[str, object]";
expected "int"  [arg-type]
            super().__init__(**data)
                               ^~~~
src/flext_target_oracle/target_services.py:132:28: error: Argument 1 to
"__init__" of "FlextDomainService" has incompatible type "**dict[str, object]";
expected "datetime | None"  [arg-type]
            super().__init__(**data)
                               ^~~~
src/flext_target_oracle/target_services.py:132:28: error: Argument 1 to
"__init__" of "FlextDomainService" has incompatible type "**dict[str, object]";
expected "list[str]"  [arg-type]
            super().__init__(**data)
                               ^~~~
src/flext_target_oracle/target_services.py: note: In member "execute" of class "OracleConnectionService":
src/flext_target_oracle/target_services.py:172:5: error: Signature of "execute"
incompatible with supertype "flext_core.domain_services.FlextDomainService" 
[override]
        def execute(self, operation: str, **kwargs: object) -> FlextResult...
        ^
src/flext_target_oracle/target_services.py:172:5: note:      Superclass:
src/flext_target_oracle/target_services.py:172:5: note:          def execute(self) -> FlextResult[Any]
src/flext_target_oracle/target_services.py:172:5: note:      Subclass:
src/flext_target_oracle/target_services.py:172:5: note:          def execute(self, operation: str, **kwargs: object) -> FlextResult[object]
src/flext_target_oracle/target_services.py:184:20: error: Incompatible return
value type (got "FlextResult[None]", expected "FlextResult[object]") 
[return-value]
                return self.test_connection()
                       ^~~~~~~~~~~~~~~~~~~~~~
src/flext_target_oracle/target_services.py:186:20: error: Incompatible return
value type (got "FlextResult[OracleConnectionModel]", expected
"FlextResult[object]")  [return-value]
                return self.get_connection_info()
                       ^~~~~~~~~~~~~~~~~~~~~~~~~~
src/flext_target_oracle/target_services.py: note: At top level:
src/flext_target_oracle/target_services.py:209:27: error: Missing type
parameters for generic type "FlextDomainService"  [type-arg]
    class OracleSchemaService(FlextDomainService):
                              ^
src/flext_target_oracle/target_services.py: note: In member "__init__" of class "OracleSchemaService":
src/flext_target_oracle/target_services.py:227:28: error: Argument 1 to
"__init__" of "FlextDomainService" has incompatible type "**dict[str, object]";
expected "str"  [arg-type]
            super().__init__(**data)
                               ^~~~
src/flext_target_oracle/target_services.py:227:28: error: Argument 1 to
"__init__" of "FlextDomainService" has incompatible type "**dict[str, object]";
expected "bool"  [arg-type]
            super().__init__(**data)
                               ^~~~
src/flext_target_oracle/target_services.py:227:28: error: Argument 1 to
"__init__" of "FlextDomainService" has incompatible type "**dict[str, object]";
expected "int"  [arg-type]
            super().__init__(**data)
                               ^~~~
src/flext_target_oracle/target_services.py:227:28: error: Argument 1 to
"__init__" of "FlextDomainService" has incompatible type "**dict[str, object]";
expected "datetime | None"  [arg-type]
            super().__init__(**data)
                               ^~~~
src/flext_target_oracle/target_services.py:227:28: error: Argument 1 to
"__init__" of "FlextDomainService" has incompatible type "**dict[str, object]";
expected "list[str]"  [arg-type]
            super().__init__(**data)
                               ^~~~
src/flext_target_oracle/target_services.py: note: In member "execute" of class "OracleSchemaService":
src/flext_target_oracle/target_services.py:233:5: error: Signature of "execute"
incompatible with supertype "flext_core.domain_services.FlextDomainService" 
[override]
        def execute(self, operation: str, **kwargs: object) -> FlextResult...
        ^
src/flext_target_oracle/target_services.py:233:5: note:      Superclass:
src/flext_target_oracle/target_services.py:233:5: note:          def execute(self) -> FlextResult[Any]
src/flext_target_oracle/target_services.py:233:5: note:      Subclass:
src/flext_target_oracle/target_services.py:233:5: note:          def execute(self, operation: str, **kwargs: object) -> FlextResult[object]
src/flext_target_oracle/target_services.py:251:32: error: Argument 1 to "run"
has incompatible type "Coroutine[Any, Any, FlextResult[None]]"; expected
"Coroutine[Any, Any, FlextResult[object]]"  [arg-type]
                return asyncio.run(self.ensure_table_exists(stream, schema...
                                   ^~~~~~~~~~~~~~~~~~~~~~~~~~~~~~~~~~~~~~~...
src/flext_target_oracle/target_services.py:251:57: error: Argument 1 to
"ensure_table_exists" of "OracleSchemaService" has incompatible type "object";
expected "SingerStreamModel"  [arg-type]
    ...     return asyncio.run(self.ensure_table_exists(stream, schema, key_p...
                                                        ^~~~~~
src/flext_target_oracle/target_services.py:251:65: error: Argument 2 to
"ensure_table_exists" of "OracleSchemaService" has incompatible type "object";
expected "dict[str, object]"  [arg-type]
    ...urn asyncio.run(self.ensure_table_exists(stream, schema, key_propertie...
                                                        ^~~~~~
src/flext_target_oracle/target_services.py:251:73: error: Argument 3 to
"ensure_table_exists" of "OracleSchemaService" has incompatible type "object";
expected "list[str] | None"  [arg-type]
    ... asyncio.run(self.ensure_table_exists(stream, schema, key_properties))
                                                             ^~~~~~~~~~~~~~
src/flext_target_oracle/target_services.py:257:32: error: Argument 1 to "run"
has incompatible type
"Coroutine[Any, Any, FlextResult[list[dict[str, object]]]]"; expected
"Coroutine[Any, Any, FlextResult[object]]"  [arg-type]
                return asyncio.run(self.get_table_columns(table_name, sche...
                                   ^~~~~~~~~~~~~~~~~~~~~~~~~~~~~~~~~~~~~~~...
src/flext_target_oracle/target_services.py:257:55: error: Argument 1 to
"get_table_columns" of "OracleSchemaService" has incompatible type "object";
expected "str"  [arg-type]
    ...       return asyncio.run(self.get_table_columns(table_name, schema_na...
                                                        ^~~~~~~~~~
src/flext_target_oracle/target_services.py:257:67: error: Argument 2 to
"get_table_columns" of "OracleSchemaService" has incompatible type "object";
expected "str | None"  [arg-type]
    ...   return asyncio.run(self.get_table_columns(table_name, schema_name))
                                                                ^~~~~~~~~~~
src/flext_target_oracle/target_services.py: note: In member "get_table_columns" of class "OracleSchemaService":
src/flext_target_oracle/target_services.py:314:34: error: Unexpected keyword
argument "table_name" for "get_columns" of "FlextDbOracleApi"  [call-arg]
                    columns_result = connected_api.get_columns(
                                     ^
src/flext_target_oracle/target_services.py: note: At top level:
src/flext_target_oracle/target_services.py:417:26: error: Missing type
parameters for generic type "FlextDomainService"  [type-arg]
    class OracleBatchService(FlextDomainService):
                             ^
src/flext_target_oracle/target_services.py: note: In member "__init__" of class "OracleBatchService":
src/flext_target_oracle/target_services.py:444:24: error: Missing type
parameters for generic type "dict"  [type-arg]
            self._batches: dict = {}
                           ^
src/flext_target_oracle/target_services.py:445:27: error: Missing type
parameters for generic type "dict"  [type-arg]
            self._statistics: dict = {}
                              ^
src/flext_target_oracle/target_services.py: note: At top level:
src/flext_target_oracle/target_services.py:526:27: error: Missing type
parameters for generic type "FlextDomainService"  [type-arg]
    class OracleRecordService(FlextDomainService):
                              ^
/home/marlonsc/flext/flext-db-oracle/src/flext_db_oracle/api.py: note: In member "get_table_columns" of class "OracleSchemaService":
/home/marlonsc/flext/flext-db-oracle/src/flext_db_oracle/api.py:171:5: note: "get_columns" of "FlextDbOracleApi" defined here
src/flext_target_oracle/target_services.py: note: In member "_create_table" of class "OracleSchemaService":
src/flext_target_oracle/target_services.py:398:31: error: "FlextDbOracleApi"
has no attribute "execute_ddl"; maybe "execute_sql" or "execute"? 
[attr-defined]
                    exec_result = connected_api.execute_ddl(ddl_sql)
                                  ^~~~~~~~~~~~~~~~~~~~~~~~~
src/flext_target_oracle/target_services.py: note: In member "__init__" of class "OracleBatchService":
src/flext_target_oracle/target_services.py:439:28: error: Argument 1 to
"__init__" of "FlextDomainService" has incompatible type "**dict[str, object]";
expected "str"  [arg-type]
            super().__init__(**data)
                               ^~~~
src/flext_target_oracle/target_services.py:439:28: error: Argument 1 to
"__init__" of "FlextDomainService" has incompatible type "**dict[str, object]";
expected "bool"  [arg-type]
            super().__init__(**data)
                               ^~~~
src/flext_target_oracle/target_services.py:439:28: error: Argument 1 to
"__init__" of "FlextDomainService" has incompatible type "**dict[str, object]";
expected "int"  [arg-type]
            super().__init__(**data)
                               ^~~~
src/flext_target_oracle/target_services.py:439:28: error: Argument 1 to
"__init__" of "FlextDomainService" has incompatible type "**dict[str, object]";
expected "datetime | None"  [arg-type]
            super().__init__(**data)
                               ^~~~
src/flext_target_oracle/target_services.py:439:28: error: Argument 1 to
"__init__" of "FlextDomainService" has incompatible type "**dict[str, object]";
expected "list[str]"  [arg-type]
            super().__init__(**data)
                               ^~~~
src/flext_target_oracle/target_services.py: note: In member "execute" of class "OracleBatchService":
src/flext_target_oracle/target_services.py:447:5: error: Signature of "execute"
incompatible with supertype "flext_core.domain_services.FlextDomainService" 
[override]
        def execute(self, operation: str, **kwargs: object) -> FlextResult...
        ^
src/flext_target_oracle/target_services.py:447:5: note:      Superclass:
src/flext_target_oracle/target_services.py:447:5: note:          def execute(self) -> FlextResult[Any]
src/flext_target_oracle/target_services.py:447:5: note:      Subclass:
src/flext_target_oracle/target_services.py:447:5: note:          def execute(self, operation: str, **kwargs: object) -> FlextResult[object]
src/flext_target_oracle/target_services.py:459:32: error: Argument 1 to "run"
has incompatible type "Coroutine[Any, Any, FlextResult[LoadStatisticsModel]]";
expected "Coroutine[Any, Any, FlextResult[object]]"  [arg-type]
                return asyncio.run(self.finalize_all())
                                   ^~~~~~~~~~~~~~~~~~~
src/flext_target_oracle/target_services.py:465:32: error: "OracleBatchService"
has no attribute "add_record"  [attr-defined]
                return asyncio.run(self.add_record(stream_name, record))
                                   ^~~~~~~~~~~~~~~
src/flext_target_oracle/target_services.py:470:32: error: "OracleBatchService"
has no attribute "flush_batch"  [attr-defined]
                return asyncio.run(self.flush_batch(stream_name))
                                   ^~~~~~~~~~~~~~~~
src/flext_target_oracle/target_services.py: note: In member "finalize_all" of class "OracleBatchService":
src/flext_target_oracle/target_services.py:484:36: error: "OracleBatchService"
has no attribute "flush_batch"  [attr-defined]
                        result = await self.flush_batch(stream_name)
                                       ^~~~~~~~~~~~~~~~
src/flext_target_oracle/target_services.py: note: In member "__init__" of class "OracleRecordService":
src/flext_target_oracle/target_services.py:543:28: error: Argument 1 to
"__init__" of "FlextDomainService" has incompatible type "**dict[str, object]";
expected "str"  [arg-type]
            super().__init__(**data)
                               ^~~~
src/flext_target_oracle/target_services.py:543:28: error: Argument 1 to
"__init__" of "FlextDomainService" has incompatible type "**dict[str, object]";
expected "bool"  [arg-type]
            super().__init__(**data)
                               ^~~~
src/flext_target_oracle/target_services.py:543:28: error: Argument 1 to
"__init__" of "FlextDomainService" has incompatible type "**dict[str, object]";
expected "int"  [arg-type]
            super().__init__(**data)
                               ^~~~
src/flext_target_oracle/target_services.py:543:28: error: Argument 1 to
"__init__" of "FlextDomainService" has incompatible type "**dict[str, object]";
expected "datetime | None"  [arg-type]
            super().__init__(**data)
                               ^~~~
src/flext_target_oracle/target_services.py:543:28: error: Argument 1 to
"__init__" of "FlextDomainService" has incompatible type "**dict[str, object]";
expected "list[str]"  [arg-type]
            super().__init__(**data)
                               ^~~~
src/flext_target_oracle/target_services.py: note: In member "execute" of class "OracleRecordService":
src/flext_target_oracle/target_services.py:548:5: error: Signature of "execute"
incompatible with supertype "flext_core.domain_services.FlextDomainService" 
[override]
        def execute(self, operation: str, **kwargs: object) -> FlextResult...
        ^
src/flext_target_oracle/target_services.py:548:5: note:      Superclass:
src/flext_target_oracle/target_services.py:548:5: note:          def execute(self) -> FlextResult[Any]
src/flext_target_oracle/target_services.py:548:5: note:      Subclass:
src/flext_target_oracle/target_services.py:548:5: note:          def execute(self, operation: str, **kwargs: object) -> FlextResult[object]
src/flext_target_oracle/target_services.py:564:20: error: Incompatible return
value type (got "FlextResult[dict[str, object]]", expected
"FlextResult[object]")  [return-value]
                return self.transform_record(record, stream)
                       ^~~~~~~~~~~~~~~~~~~~~~~~~~~~~~~~~~~~~
src/flext_target_oracle/target_services.py:564:42: error: Argument 1 to
"transform_record" of "OracleRecordService" has incompatible type "object";
expected "dict[str, object]"  [arg-type]
                return self.transform_record(record, stream)
                                             ^~~~~~
src/flext_target_oracle/target_services.py:564:50: error: Argument 2 to
"transform_record" of "OracleRecordService" has incompatible type "object";
expected "SingerStreamModel"  [arg-type]
                return self.transform_record(record, stream)
                                                     ^~~~~~
src/flext_target_oracle/target_services.py:570:20: error: Incompatible return
value type (got "FlextResult[None]", expected "FlextResult[object]") 
[return-value]
                return self.validate_record(record, schema)
                       ^~~~~~~~~~~~~~~~~~~~~~~~~~~~~~~~~~~~
src/flext_target_oracle/target_services.py:570:41: error: Argument 1 to
"validate_record" of "OracleRecordService" has incompatible type "object";
expected "dict[str, object]"  [arg-type]
                return self.validate_record(record, schema)
                                            ^~~~~~
src/flext_target_oracle/target_services.py:570:49: error: Argument 2 to
"validate_record" of "OracleRecordService" has incompatible type "object";
expected "dict[str, object]"  [arg-type]
                return self.validate_record(record, schema)
                                                    ^~~~~~
src/flext_target_oracle/target_client.py: note: In member "__init__" of class "FlextTargetOracleLoader":
src/flext_target_oracle/target_client.py:86:29: error: Missing named argument
"database" for "OracleConfig"  [call-arg]
                oracle_config = FlextDbOracleConfig(
                                ^
src/flext_target_oracle/target_client.py: note: In member "ensure_table_exists" of class "FlextTargetOracleLoader":
src/flext_target_oracle/target_client.py:144:36: error: "dict[str, object]" has
no attribute "upper"  [attr-defined]
                    existing_tables = [t.upper() for t in tables_result.da...
                                       ^~~~~~~
src/flext_target_oracle/target_client.py:172:30: error: "FlextDbOracleApi" has
no attribute "create_table_ddl"  [attr-defined]
                    ddl_result = connected_api.create_table_ddl(
                                 ^~~~~~~~~~~~~~~~~~~~~~~~~~~~~~
src/flext_target_oracle/target_client.py:188:31: error: "FlextDbOracleApi" has
no attribute "execute_ddl"; maybe "execute_sql" or "execute"?  [attr-defined]
                    exec_result = connected_api.execute_ddl(ddl_sql)
                                  ^~~~~~~~~~~~~~~~~~~~~~~~~
src/flext_target_oracle/target_client.py: note: In member "_flush_batch" of class "FlextTargetOracleLoader":
src/flext_target_oracle/target_client.py:265:30: error: "FlextDbOracleApi" has
no attribute "build_insert_statement"  [attr-defined]
                    sql_result = connected_api.build_insert_statement(
                                 ^~~~~~~~~~~~~~~~~~~~~~~~~~~~~~~~~~~~
src/flext_target_oracle/target_client.py:293:26: error: "FlextDbOracleApi" has
no attribute "execute_batch"  [attr-defined]
                    result = connected_api.execute_batch(batch_operations)
                             ^~~~~~~~~~~~~~~~~~~~~~~~~~~
src/flext_target_oracle/target_client.py: note: In member "__init__" of class "FlextTargetOracle":
src/flext_target_oracle/target_client.py:471:9: error: Unexpected keyword
argument "native_target" for "__init__" of "object"  [call-arg]
            super().__init__(native_target=native_target, adapter=adapter)
            ^~~~~~~~~~~~~~~~~~~~~~~~~~~~~~~~~~~~~~~~~~~~~~~~~~~~~~~~~~~~~~
src/flext_target_oracle/target_client.py:471:9: error: Unexpected keyword
argument "adapter" for "__init__" of "object"  [call-arg]
            super().__init__(native_target=native_target, adapter=adapter)
            ^~~~~~~~~~~~~~~~~~~~~~~~~~~~~~~~~~~~~~~~~~~~~~~~~~~~~~~~~~~~~~
src/flext_target_oracle/target_client.py: note: In member "execute" of class "FlextTargetOracle":
src/flext_target_oracle/target_client.py:547:24: error: Incompatible return
value type (got "FlextResult[None]", expected "FlextResult[dict[str, object]]") 
[return-value]
                    return FlextResult[None].fail(
                           ^
src/flext_target_oracle/target_client.py:556:42: error: "FlextTargetOracle" has
no attribute "process_singer_message"  [attr-defined]
                            message_result = self.process_singer_message(m...
                                             ^~~~~~~~~~~~~~~~~~~~~~~~~~~
src/flext_target_oracle/target_client.py:562:36: error: Incompatible return
value type (got "FlextResult[None]", expected "FlextResult[dict[str, object]]") 
[return-value]
                                return FlextResult[None].fail(
                                       ^
src/flext_target_oracle/target_client.py:573:39: error: Incompatible types in
assignment (expression has type
"Coroutine[Any, Any, FlextResult[dict[str, object]]]", variable has type
"FlextResult[dict[str, object]]")  [assignment]
                        finalize_result = finalize_operation
                                          ^~~~~~~~~~~~~~~~~~
src/flext_target_oracle/target_client.py:573:39: note: Maybe you forgot to use "await"?
src/flext_target_oracle/target_client.py:575:28: error: Incompatible return
value type (got "FlextResult[None]", expected "FlextResult[dict[str, object]]") 
[return-value]
                        return FlextResult[None].fail(
                               ^
src/flext_target_oracle/target_client.py: note: In member "_test_connection_impl" of class "FlextTargetOracle":
src/flext_target_oracle/target_client.py:654:5: error: Missing return statement
 [empty-body]
        def _test_connection_impl(self) -> bool:
        ^
src/flext_target_oracle/target_client.py: note: In function "create_target_oracle_plugin":
src/flext_target_oracle/target_client.py:2147:16: error: Incompatible return
value type (got "FlextResult[object]", expected
"FlextResult[FlextTargetOraclePlugin]")  [return-value]
            return FlextResult[object].ok(plugin)
                   ^~~~~~~~~~~~~~~~~~~~~~~~~~~~~~
src/flext_target_oracle/target.py:92:35: error: Name "FlextCliCmd" is not
defined  [name-defined]
    class OracleTargetValidateCommand(FlextCliCmd):
                                      ^~~~~~~~~~~
src/flext_target_oracle/target.py: note: In class "OracleTargetValidateCommand":
src/flext_target_oracle/target.py:92:35: error: Class cannot subclass
"FlextCliCmd" (has type "Any")  [misc]
    class OracleTargetValidateCommand(FlextCliCmd):
                                      ^~~~~~~~~~~
src/flext_target_oracle/target.py: note: In member "execute" of class "OracleTargetValidateCommand":
src/flext_target_oracle/target.py:148:37: error: Argument "oracle_password" to
"FlextTargetOracleConfig" has incompatible type "str | SecretStr"; expected
"SecretStr"  [arg-type]
                        oracle_password=os.getenv("ORACLE_PASSWORD", "orac...
                                        ^~~~~~~~~~~~~~~~~~~~~~~~~~~~~~~~~~...
src/flext_target_oracle/target.py:148:66: error: Argument 2 to "getenv" has
incompatible type "str"; expected "SecretStr"  [arg-type]
    ...               oracle_password=os.getenv("ORACLE_PASSWORD", "oracle"),
                                                                   ^~~~~~~~
src/flext_target_oracle/target.py: note: At top level:
src/flext_target_oracle/target.py:187:31: error: Name "FlextCliCmd" is not
defined  [name-defined]
    class OracleTargetLoadCommand(FlextCliCmd):
                                  ^~~~~~~~~~~
src/flext_target_oracle/target.py: note: In class "OracleTargetLoadCommand":
src/flext_target_oracle/target.py:187:31: error: Class cannot subclass
"FlextCliCmd" (has type "Any")  [misc]
    class OracleTargetLoadCommand(FlextCliCmd):
                                  ^~~~~~~~~~~
src/flext_target_oracle/target.py: note: In member "execute" of class "OracleTargetLoadCommand":
src/flext_target_oracle/target.py:240:37: error: Argument "oracle_password" to
"FlextTargetOracleConfig" has incompatible type "str | SecretStr"; expected
"SecretStr"  [arg-type]
                        oracle_password=os.getenv("ORACLE_PASSWORD", "orac...
                                        ^~~~~~~~~~~~~~~~~~~~~~~~~~~~~~~~~~...
src/flext_target_oracle/target.py:240:66: error: Argument 2 to "getenv" has
incompatible type "str"; expected "SecretStr"  [arg-type]
    ...               oracle_password=os.getenv("ORACLE_PASSWORD", "oracle"),
                                                                   ^~~~~~~~
src/flext_target_oracle/target.py:278:30: error: "FlextTargetOracle" has no
attribute "process_singer_message"  [attr-defined]
                        result = target.process_singer_message(message)
                                 ^~~~~~~~~~~~~~~~~~~~~~~~~~~~~
src/flext_target_oracle/target.py:302:38: error: Incompatible types in
assignment (expression has type
"Coroutine[Any, Any, FlextResult[dict[str, object]]]", variable has type
"FlextResult[dict[str, object]]")  [assignment]
                    final_result_value = finalize_result
                                         ^~~~~~~~~~~~~~~
src/flext_target_oracle/target.py:302:38: note: Maybe you forgot to use "await"?
src/flext_target_oracle/target.py: note: At top level:
src/flext_target_oracle/target.py:329:32: error: Name "FlextCliCmd" is not
defined  [name-defined]
    class OracleTargetAboutCommand(FlextCliCmd):
                                   ^~~~~~~~~~~
src/flext_target_oracle/target.py: note: In class "OracleTargetAboutCommand":
src/flext_target_oracle/target.py:329:32: error: Class cannot subclass
"FlextCliCmd" (has type "Any")  [misc]
    class OracleTargetAboutCommand(FlextCliCmd):
                                   ^~~~~~~~~~~
src/flext_target_oracle/target.py: note: At top level:
src/flext_target_oracle/target.py:444:2: error: Name "click" is not defined 
[name-defined]
    @click.group(name="target-oracle")
     ^~~~~
src/flext_target_oracle/target.py:445:2: error: Name "click" is not defined 
[name-defined]
    @click.version_option(version="0.9.0", prog_name="FLEXT Target Oracle"...
     ^~~~~
src/flext_target_oracle/target.py:446:2: error: Name "click" is not defined 
[name-defined]
    @click.help_option("--help", "-h")
     ^~~~~
src/flext_target_oracle/target.py:475:2: error: Name "click" is not defined 
[name-defined]
    @click.option(
     ^~~~~
src/flext_target_oracle/target.py:507:2: error: Name "click" is not defined 
[name-defined]
    @click.option(
     ^~~~~
src/flext_target_oracle/target.py:513:2: error: Name "click" is not defined 
[name-defined]
    @click.option("--state", "state_file", help="Path to Singer state file...
     ^~~~~
src/flext_target_oracle/target.py:542:2: error: Name "click" is not defined 
[name-defined]
    @click.option(
     ^~~~~
src/flext_target_oracle/target.py:544:10: error: Name "click" is not defined 
[name-defined]
        type=click.Choice(["json", "text"]),
             ^~~~~
